2021-04-02 11:04:29.425 [HikariPool-1 housekeeper] WARN  com.zaxxer.hikari.pool.HikariPool - HikariPool-1 - Retrograde clock change detected (housekeeper delta=28s93ms), soft-evicting connections from pool.
2021-04-02 12:11:09.388 [HikariPool-1 housekeeper] WARN  com.zaxxer.hikari.pool.HikariPool - HikariPool-1 - Thread starvation or clock leap detected (housekeeper delta=1h6m39s963ms).
2021-04-02 13:05:05.600 [HikariPool-1 housekeeper] WARN  com.zaxxer.hikari.pool.HikariPool - HikariPool-1 - Thread starvation or clock leap detected (housekeeper delta=38m26s95ms).
2021-04-02 13:05:59.340 [scheduling-1] WARN  com.zaxxer.hikari.pool.PoolBase - HikariPool-1 - Failed to validate connection com.mysql.cj.jdbc.ConnectionImpl@2fa60b5f (No operations allowed after connection closed.). Possibly consider using a shorter maxLifetime value.
2021-04-02 13:06:04.352 [scheduling-1] WARN  com.zaxxer.hikari.pool.PoolBase - HikariPool-1 - Failed to validate connection com.mysql.cj.jdbc.ConnectionImpl@28949b2 (No operations allowed after connection closed.). Possibly consider using a shorter maxLifetime value.
2021-04-02 13:06:05.439 [https-jsse-nio-8085-exec-19] WARN  com.zaxxer.hikari.pool.PoolBase - HikariPool-1 - Failed to validate connection com.mysql.cj.jdbc.ConnectionImpl@677fd552 (No operations allowed after connection closed.). Possibly consider using a shorter maxLifetime value.
2021-04-02 13:06:06.396 [https-jsse-nio-8085-exec-28] WARN  com.zaxxer.hikari.pool.PoolBase - HikariPool-1 - Failed to validate connection com.mysql.cj.jdbc.ConnectionImpl@21aa0c85 (No operations allowed after connection closed.). Possibly consider using a shorter maxLifetime value.
2021-04-02 13:06:06.720 [https-jsse-nio-8085-exec-1] WARN  com.zaxxer.hikari.pool.PoolBase - HikariPool-1 - Failed to validate connection com.mysql.cj.jdbc.ConnectionImpl@10aed6b (No operations allowed after connection closed.). Possibly consider using a shorter maxLifetime value.
2021-04-02 13:06:06.964 [https-jsse-nio-8085-exec-6] WARN  com.zaxxer.hikari.pool.PoolBase - HikariPool-1 - Failed to validate connection com.mysql.cj.jdbc.ConnectionImpl@33ee267e (No operations allowed after connection closed.). Possibly consider using a shorter maxLifetime value.
2021-04-02 13:06:09.360 [scheduling-1] WARN  com.zaxxer.hikari.pool.PoolBase - HikariPool-1 - Failed to validate connection com.mysql.cj.jdbc.ConnectionImpl@5d5cf7dd (No operations allowed after connection closed.). Possibly consider using a shorter maxLifetime value.
2021-04-02 13:06:10.458 [https-jsse-nio-8085-exec-19] WARN  com.zaxxer.hikari.pool.PoolBase - HikariPool-1 - Failed to validate connection com.mysql.cj.jdbc.ConnectionImpl@66db80c8 (No operations allowed after connection closed.). Possibly consider using a shorter maxLifetime value.
2021-04-02 13:06:11.408 [https-jsse-nio-8085-exec-28] WARN  com.zaxxer.hikari.pool.PoolBase - HikariPool-1 - Failed to validate connection com.mysql.cj.jdbc.ConnectionImpl@4f535e03 (No operations allowed after connection closed.). Possibly consider using a shorter maxLifetime value.
2021-04-02 13:06:11.727 [https-jsse-nio-8085-exec-1] WARN  com.zaxxer.hikari.pool.PoolBase - HikariPool-1 - Failed to validate connection com.mysql.cj.jdbc.ConnectionImpl@1efe5566 (No operations allowed after connection closed.). Possibly consider using a shorter maxLifetime value.
2021-04-02 13:18:03.066 [HikariPool-1 housekeeper] WARN  com.zaxxer.hikari.pool.HikariPool - HikariPool-1 - Thread starvation or clock leap detected (housekeeper delta=1m27s64ms).
2021-04-02 13:32:42.557 [HikariPool-1 housekeeper] WARN  com.zaxxer.hikari.pool.HikariPool - HikariPool-1 - Thread starvation or clock leap detected (housekeeper delta=1m14s950ms).
2021-04-02 14:45:47.441 [HikariPool-1 housekeeper] WARN  com.zaxxer.hikari.pool.HikariPool - HikariPool-1 - Thread starvation or clock leap detected (housekeeper delta=58s583ms).
2021-04-02 14:47:25.076 [HikariPool-1 housekeeper] WARN  com.zaxxer.hikari.pool.HikariPool - HikariPool-1 - Thread starvation or clock leap detected (housekeeper delta=1m1s119ms).
2021-04-02 14:49:05.616 [HikariPool-1 housekeeper] WARN  com.zaxxer.hikari.pool.HikariPool - HikariPool-1 - Thread starvation or clock leap detected (housekeeper delta=1m1s590ms).
2021-04-02 14:51:57.609 [HikariPool-1 housekeeper] WARN  com.zaxxer.hikari.pool.HikariPool - HikariPool-1 - Thread starvation or clock leap detected (housekeeper delta=1m6s468ms).
2021-04-02 15:15:29.124 [HikariPool-1 housekeeper] WARN  com.zaxxer.hikari.pool.HikariPool - HikariPool-1 - Thread starvation or clock leap detected (housekeeper delta=12m54s800ms).
2021-04-02 15:18:02.882 [HikariPool-1 housekeeper] WARN  com.zaxxer.hikari.pool.HikariPool - HikariPool-1 - Thread starvation or clock leap detected (housekeeper delta=1m1s485ms).
